Using pre-set license
Built from '2022.3/staging' branch; Version is '2022.3.15f1 (b58023a2b463) revision 11894819'; Using compiler version '192829333'; Build Type 'Release'
OS: 'Windows 10  (10.0.19045) 64bit Professional' Language: 'es' Physical Memory: 15791 MB
BatchMode: 1, IsHumanControllingUs: 0, StartBugReporterOnCrash: 0, Is64bit: 1, IsPro: 1

COMMAND LINE ARGUMENTS:
C:\Program Files\Unity\Hub\Editor\2022.3.15f1\Editor\Unity.exe
-adb2
-batchMode
-noUpm
-name
AssetImportWorker2
-projectPath
C:/Users/IGG/Documents/GitHub/AppIntegracion/ProyectoClase_IGG
-logFile
Logs/AssetImportWorker2.log
-srvPort
49159
Successfully changed project path to: C:/Users/IGG/Documents/GitHub/AppIntegracion/ProyectoClase_IGG
C:/Users/IGG/Documents/GitHub/AppIntegracion/ProyectoClase_IGG
[UnityMemory] Configuration Parameters - Can be set up in boot.config
    "memorysetup-bucket-allocator-granularity=16"
    "memorysetup-bucket-allocator-bucket-count=8"
    "memorysetup-bucket-allocator-block-size=33554432"
    "memorysetup-bucket-allocator-block-count=8"
    "memorysetup-main-allocator-block-size=16777216"
    "memorysetup-thread-allocator-block-size=16777216"
    "memorysetup-gfx-main-allocator-block-size=16777216"
    "memorysetup-gfx-thread-allocator-block-size=16777216"
    "memorysetup-cache-allocator-block-size=4194304"
    "memorysetup-typetree-allocator-block-size=2097152"
    "memorysetup-profiler-bucket-allocator-granularity=16"
    "memorysetup-profiler-bucket-allocator-bucket-count=8"
    "memorysetup-profiler-bucket-allocator-block-size=33554432"
    "memorysetup-profiler-bucket-allocator-block-count=8"
    "memorysetup-profiler-allocator-block-size=16777216"
    "memorysetup-profiler-editor-allocator-block-size=1048576"
    "memorysetup-temp-allocator-size-main=16777216"
    "memorysetup-job-temp-allocator-block-size=2097152"
    "memorysetup-job-temp-allocator-block-size-background=1048576"
    "memorysetup-job-temp-allocator-reduction-small-platforms=262144"
    "memorysetup-allocator-temp-initial-block-size-main=262144"
    "memorysetup-allocator-temp-initial-block-size-worker=262144"
    "memorysetup-temp-allocator-size-background-worker=32768"
    "memorysetup-temp-allocator-size-job-worker=262144"
    "memorysetup-temp-allocator-size-preload-manager=33554432"
    "memorysetup-temp-allocator-size-nav-mesh-worker=65536"
    "memorysetup-temp-allocator-size-audio-worker=65536"
    "memorysetup-temp-allocator-size-cloud-worker=32768"
    "memorysetup-temp-allocator-size-gi-baking-worker=262144"
    "memorysetup-temp-allocator-size-gfx=262144"
Player connection [18104] Host "[IP] 25.0.87.80 [Port] 0 [Flags] 2 [Guid] 830971112 [EditorId] 830971112 [Version] 1048832 [Id] WindowsEditor(7,IGG-P) [Debug] 1 [PackageName] WindowsEditor [ProjectName] Editor" joined multi-casting on [225.0.0.222:54997]...

Player connection [18104] Host "[IP] 25.0.87.80 [Port] 0 [Flags] 2 [Guid] 830971112 [EditorId] 830971112 [Version] 1048832 [Id] WindowsEditor(7,IGG-P) [Debug] 1 [PackageName] WindowsEditor [ProjectName] Editor" joined alternative multi-casting on [225.0.0.222:34997]...

[Physics::Module] Initialized MultithreadedJobDispatcher with 15 workers.
Refreshing native plugins compatible for Editor in 10.80 ms, found 3 plugins.
Preloading 0 native plugins for Editor in 0.00 ms.
Initialize engine version: 2022.3.15f1 (b58023a2b463)
[Subsystems] Discovering subsystems at path C:/Program Files/Unity/Hub/Editor/2022.3.15f1/Editor/Data/Resources/UnitySubsystems
[Subsystems] Discovering subsystems at path C:/Users/IGG/Documents/GitHub/AppIntegracion/ProyectoClase_IGG/Assets
GfxDevice: creating device client; threaded=0; jobified=0
Direct3D:
    Version:  Direct3D 11.0 [level 11.1]
    Renderer: NVIDIA GeForce RTX 3050 Ti Laptop GPU (ID=0x25a0)
    Vendor:   NVIDIA
    VRAM:     3976 MB
    Driver:   31.0.15.3640
Initialize mono
Mono path[0] = 'C:/Program Files/Unity/Hub/Editor/2022.3.15f1/Editor/Data/Managed'
Mono path[1] = 'C:/Program Files/Unity/Hub/Editor/2022.3.15f1/Editor/Data/MonoBleedingEdge/lib/mono/unityjit-win32'
Mono config path = 'C:/Program Files/Unity/Hub/Editor/2022.3.15f1/Editor/Data/MonoBleedingEdge/etc'
Using monoOptions --debugger-agent=transport=dt_socket,embedding=1,server=y,suspend=n,address=127.0.0.1:56092
Begin MonoManager ReloadAssembly
Registering precompiled unity dll's ...
Register platform support module: C:/Program Files/Unity/Hub/Editor/2022.3.15f1/Editor/Data/PlaybackEngines/WebGLSupport/UnityEditor.WebGL.Extensions.dll
Register platform support module: C:/Program Files/Unity/Hub/Editor/2022.3.15f1/Editor/Data/PlaybackEngines/WindowsStandaloneSupport/UnityEditor.WindowsStandalone.Extensions.dll
Registered in 0.013280 seconds.
- Loaded All Assemblies, in  0.406 seconds
Native extension for WindowsStandalone target not found
Native extension for WebGL target not found
Mono: successfully reloaded assembly
- Finished resetting the current domain, in  0.253 seconds
Domain Reload Profiling: 655ms
	BeginReloadAssembly (134ms)
		ExecutionOrderSort (0ms)
		DisableScriptedObjects (0ms)
		BackupInstance (0ms)
		ReleaseScriptingObjects (0ms)
		CreateAndSetChildDomain (1ms)
	RebuildCommonClasses (37ms)
	RebuildNativeTypeToScriptingClass (11ms)
	initialDomainReloadingComplete (82ms)
	LoadAllAssembliesAndSetupDomain (138ms)
		LoadAssemblies (131ms)
		RebuildTransferFunctionScriptingTraits (0ms)
		AnalyzeDomain (136ms)
			TypeCache.Refresh (134ms)
				TypeCache.ScanAssembly (121ms)
			ScanForSourceGeneratedMonoScriptInfo (0ms)
			ResolveRequiredComponents (0ms)
	FinalizeReload (253ms)
		ReleaseScriptCaches (0ms)
		RebuildScriptCaches (0ms)
		SetupLoadedEditorAssemblies (199ms)
			LogAssemblyErrors (0ms)
			InitializePlatformSupportModulesInManaged (12ms)
			SetLoadedEditorAssemblies (5ms)
			RefreshPlugins (0ms)
			BeforeProcessingInitializeOnLoad (2ms)
			ProcessInitializeOnLoadAttributes (138ms)
			ProcessInitializeOnLoadMethodAttributes (42ms)
			AfterProcessingInitializeOnLoad (0ms)
			EditorAssembliesLoaded (0ms)
		ExecutionOrderSort2 (0ms)
		AwakeInstancesAfterBackupRestoration (0ms)
========================================================================
Worker process is ready to serve import requests
Begin MonoManager ReloadAssembly
- Loaded All Assemblies, in  0.630 seconds
Refreshing native plugins compatible for Editor in 3.56 ms, found 3 plugins.
Native extension for WindowsStandalone target not found
Native extension for WebGL target not found
Package Manager log level set to [2]
[Package Manager] Server::EnsureServerProcessIsRunning -- launch failed, reason: Unity was launched with the -noUpm command-line argument
[Package Manager] UpmClient::Send -- Unable to send message (not connected to UPM process).
[Package Manager] Cannot connect to Unity Package Manager local server
Mono: successfully reloaded assembly
- Finished resetting the current domain, in  0.580 seconds
Domain Reload Profiling: 1205ms
	BeginReloadAssembly (140ms)
		ExecutionOrderSort (0ms)
		DisableScriptedObjects (5ms)
		BackupInstance (0ms)
		ReleaseScriptingObjects (0ms)
		CreateAndSetChildDomain (19ms)
	RebuildCommonClasses (33ms)
	RebuildNativeTypeToScriptingClass (10ms)
	initialDomainReloadingComplete (43ms)
	LoadAllAssembliesAndSetupDomain (399ms)
		LoadAssemblies (308ms)
		RebuildTransferFunctionScriptingTraits (0ms)
		AnalyzeDomain (173ms)
			TypeCache.Refresh (150ms)
				TypeCache.ScanAssembly (135ms)
			ScanForSourceGeneratedMonoScriptInfo (18ms)
			ResolveRequiredComponents (5ms)
	FinalizeReload (581ms)
		ReleaseScriptCaches (0ms)
		RebuildScriptCaches (0ms)
		SetupLoadedEditorAssemblies (439ms)
			LogAssemblyErrors (0ms)
			InitializePlatformSupportModulesInManaged (8ms)
			SetLoadedEditorAssemblies (4ms)
			RefreshPlugins (0ms)
			BeforeProcessingInitializeOnLoad (61ms)
			ProcessInitializeOnLoadAttributes (332ms)
			ProcessInitializeOnLoadMethodAttributes (20ms)
			AfterProcessingInitializeOnLoad (13ms)
			EditorAssembliesLoaded (0ms)
		ExecutionOrderSort2 (0ms)
		AwakeInstancesAfterBackupRestoration (5ms)
Launched and connected shader compiler UnityShaderCompiler.exe after 0.05 seconds
Refreshing native plugins compatible for Editor in 3.93 ms, found 3 plugins.
Preloading 0 native plugins for Editor in 0.00 ms.
Unloading 3410 Unused Serialized files (Serialized files now loaded: 0)
Unloading 57 unused Assets / (1.4 MB). Loaded Objects now: 3879.
Memory consumption went from 230.9 MB to 229.6 MB.
Total: 3.113200 ms (FindLiveObjects: 0.285300 ms CreateObjectMapping: 0.123700 ms MarkObjects: 2.337400 ms  DeleteObjects: 0.365600 ms)

AssetImportParameters requested are different than current active one (requested -> active):
  custom:container-demuxer-ogg: 62fdf1f143b41e24485cea50d1cbac27 -> 
  custom:video-decoder-ogg-theora: a1e56fd34408186e4bbccfd4996cb3dc -> 
  custom:framework-win-MediaFoundation: 216162199b28c13a410421893ffa2e32 -> 
  custom:CustomObjectIndexerAttribute: 43b350a4d6e6d1791af0b5038c4bea17 -> 
  custom:container-demuxer-webm: 4f35f7cbe854078d1ac9338744f61a02 -> 
  custom:container-muxer-webm: aa71ff27fc2769a1b78a27578f13a17b -> 
  custom:video-decoder-webm-vp8: 9c59270c3fd7afecdb556c50c9e8de78 -> 
  custom:SearchIndexIgnoredProperties: e643bd26f0fe6173181afceb89e7c659 -> 
  custom:AudioImporter_EditorPlatform: d09bf68614088b80899f8185d706f6e7 -> 
  custom:video-encoder-webm-vp8: eb34c28f22e8b96e1ab97ce403110664 -> 
  custom:audio-decoder-ogg-vorbis: bf7c407c2cedff20999df2af8eb42d56 -> 
  custom:audio-encoder-webm-vorbis: bf7c407c2cedff20999df2af8eb42d56 -> 
========================================================================
Received Import Request.
  Time since last request: 19984.745594 seconds.
  path: Assets/ProyectoIGG/MyAssets/Imagenes/New Physics Material 2D.physicsMaterial2D
  artifactKey: Guid(bbaf2232aa29f5b41aa1ca7f642145ee) Importer(815301076,1909f56bfc062723c751e8b465ee728b)
Start importing Assets/ProyectoIGG/MyAssets/Imagenes/New Physics Material 2D.physicsMaterial2D using Guid(bbaf2232aa29f5b41aa1ca7f642145ee) Importer(815301076,1909f56bfc062723c751e8b465ee728b)  -> (artifact id: 'aa44ddf2a6c75e6934ca6413685aac69') in 0.011242 seconds
Number of updated asset objects reloaded before import = 0
Number of asset objects unloaded after import = 1
========================================================================
Received Import Request.
  Time since last request: 58.328967 seconds.
  path: Assets/ProyectoIGG/MyAssets/Imagenes/candadoDigital.jpg
  artifactKey: Guid(3aa02c1c170170c49bbb0171bfd9628c) Importer(815301076,1909f56bfc062723c751e8b465ee728b)
Start importing Assets/ProyectoIGG/MyAssets/Imagenes/candadoDigital.jpg using Guid(3aa02c1c170170c49bbb0171bfd9628c) Importer(815301076,1909f56bfc062723c751e8b465ee728b)  -> (artifact id: 'ec4a7ce3f65ec58b586989bf6d5c28ea') in 0.056861 seconds
Number of updated asset objects reloaded before import = 0
Number of asset objects unloaded after import = 2
========================================================================
Received Import Request.
  Time since last request: 72.841818 seconds.
  path: Assets/Assets Importados/UnityTechnologies/ParticlePack/Shared/Sprites/Info.png
  artifactKey: Guid(2969d90b86698124696637a6df64a112) Importer(815301076,1909f56bfc062723c751e8b465ee728b)
Start importing Assets/Assets Importados/UnityTechnologies/ParticlePack/Shared/Sprites/Info.png using Guid(2969d90b86698124696637a6df64a112) Importer(815301076,1909f56bfc062723c751e8b465ee728b)  -> (artifact id: '8629b33b080dffc4cda85929c9728f20') in 0.061814 seconds
Number of updated asset objects reloaded before import = 0
Number of asset objects unloaded after import = 3
========================================================================
Received Import Request.
  Time since last request: 118.588905 seconds.
  path: Assets/ProyectoIGG/MyAssets/Imagenes/lunarlander.png
  artifactKey: Guid(a62c545266a90b94ca0536ed1ead8b7a) Importer(815301076,1909f56bfc062723c751e8b465ee728b)
Start importing Assets/ProyectoIGG/MyAssets/Imagenes/lunarlander.png using Guid(a62c545266a90b94ca0536ed1ead8b7a) Importer(815301076,1909f56bfc062723c751e8b465ee728b)  -> (artifact id: '4d80de595c3fd2b6114c38e43bccccc2') in 0.029440 seconds
Number of updated asset objects reloaded before import = 0
Number of asset objects unloaded after import = 3
========================================================================
Received Import Request.
  Time since last request: 33.044651 seconds.
  path: Assets/ProyectoIGG/MyAssets/Imagenes/candadoDigital.jpg
  artifactKey: Guid(3aa02c1c170170c49bbb0171bfd9628c) Importer(815301076,1909f56bfc062723c751e8b465ee728b)
Start importing Assets/ProyectoIGG/MyAssets/Imagenes/candadoDigital.jpg using Guid(3aa02c1c170170c49bbb0171bfd9628c) Importer(815301076,1909f56bfc062723c751e8b465ee728b)  -> (artifact id: '008d22ec9a6fc8b6f58d5df04a6aff13') in 0.026255 seconds
Number of updated asset objects reloaded before import = 0
Number of asset objects unloaded after import = 3
========================================================================
Received Import Request.
  Time since last request: 112.519373 seconds.
  path: Assets/ProyectoIGG/MyAssets/Imagenes/lunasmenu.jpg
  artifactKey: Guid(e506d4889e3a03d49befd6e59522038e) Importer(815301076,1909f56bfc062723c751e8b465ee728b)
Start importing Assets/ProyectoIGG/MyAssets/Imagenes/lunasmenu.jpg using Guid(e506d4889e3a03d49befd6e59522038e) Importer(815301076,1909f56bfc062723c751e8b465ee728b)  -> (artifact id: '7bb6cc2be2a6604a796ade163dbdefae') in 0.022781 seconds
Number of updated asset objects reloaded before import = 0
Number of asset objects unloaded after import = 2
========================================================================
Received Import Request.
  Time since last request: 4.804390 seconds.
  path: Assets/ProyectoIGG/MyAssets/Imagenes/lunasmenu.jpg
  artifactKey: Guid(e506d4889e3a03d49befd6e59522038e) Importer(815301076,1909f56bfc062723c751e8b465ee728b)
Start importing Assets/ProyectoIGG/MyAssets/Imagenes/lunasmenu.jpg using Guid(e506d4889e3a03d49befd6e59522038e) Importer(815301076,1909f56bfc062723c751e8b465ee728b)  -> (artifact id: '104e3678ccc1bc216f6bfa382bbc3058') in 0.035565 seconds
Number of updated asset objects reloaded before import = 0
Number of asset objects unloaded after import = 3
========================================================================
Received Import Request.
  Time since last request: 336.689166 seconds.
  path: Assets/Assets Importados/Pixel Font - Tripfive/Sample Textmesh.prefab
  artifactKey: Guid(92d60a2e17d9a4bb8bd3801b14fc2926) Importer(815301076,1909f56bfc062723c751e8b465ee728b)
Start importing Assets/Assets Importados/Pixel Font - Tripfive/Sample Textmesh.prefab using Guid(92d60a2e17d9a4bb8bd3801b14fc2926) Importer(815301076,1909f56bfc062723c751e8b465ee728b)  -> (artifact id: '1061388af94949df0a40bff823d057ab') in 0.008475 seconds
Number of updated asset objects reloaded before import = 0
Number of asset objects unloaded after import = 6
========================================================================
Received Import Request.
  Time since last request: 3.071469 seconds.
  path: Assets/Assets Importados/Pixel Font - Tripfive/Fonts
  artifactKey: Guid(7a9e2b9a8d7c549d3a46ef8f66cf8c10) Importer(815301076,1909f56bfc062723c751e8b465ee728b)
Start importing Assets/Assets Importados/Pixel Font - Tripfive/Fonts using Guid(7a9e2b9a8d7c549d3a46ef8f66cf8c10) Importer(815301076,1909f56bfc062723c751e8b465ee728b)  -> (artifact id: '52df7ce01dff38168368565c80284f35') in 0.000457 seconds
Number of updated asset objects reloaded before import = 0
Number of asset objects unloaded after import = 0
========================================================================
Received Import Request.
  Time since last request: 1.045957 seconds.
  path: Assets/Assets Importados/Pixel Font - Tripfive/Fonts/Tripfive.fontsettings
  artifactKey: Guid(29821db8324231f4481e730bf6288b9c) Importer(815301076,1909f56bfc062723c751e8b465ee728b)
Start importing Assets/Assets Importados/Pixel Font - Tripfive/Fonts/Tripfive.fontsettings using Guid(29821db8324231f4481e730bf6288b9c) Importer(815301076,1909f56bfc062723c751e8b465ee728b)  -> (artifact id: '31861417f49920d8853da52864726da7') in 0.001400 seconds
Number of updated asset objects reloaded before import = 0
Number of asset objects unloaded after import = 1
========================================================================
Received Import Request.
  Time since last request: 0.001507 seconds.
  path: Assets/Assets Importados/Pixel Font - Tripfive/Fonts/Tripfive-EX.fontsettings
  artifactKey: Guid(1c10051538e484e849e45b324b9b334b) Importer(815301076,1909f56bfc062723c751e8b465ee728b)
Start importing Assets/Assets Importados/Pixel Font - Tripfive/Fonts/Tripfive-EX.fontsettings using Guid(1c10051538e484e849e45b324b9b334b) Importer(815301076,1909f56bfc062723c751e8b465ee728b)  -> (artifact id: 'f8ef2f4108eac05912a4135746daf8af') in 0.001547 seconds
Number of updated asset objects reloaded before import = 0
Number of asset objects unloaded after import = 1
========================================================================
Received Import Request.
  Time since last request: 0.000061 seconds.
  path: Assets/Assets Importados/Pixel Font - Tripfive/Fonts/Tripfive-OL.fontsettings
  artifactKey: Guid(bb2dffc07ad704a28aa9186221cc902e) Importer(815301076,1909f56bfc062723c751e8b465ee728b)
Start importing Assets/Assets Importados/Pixel Font - Tripfive/Fonts/Tripfive-OL.fontsettings using Guid(bb2dffc07ad704a28aa9186221cc902e) Importer(815301076,1909f56bfc062723c751e8b465ee728b)  -> (artifact id: '07b64e3c34d3f4decbe5666b15ba3ffb') in 0.001402 seconds
Number of updated asset objects reloaded before import = 0
Number of asset objects unloaded after import = 1
========================================================================
Received Import Request.
  Time since last request: 14.698835 seconds.
  path: Assets/Assets Importados/Pixel Font - Tripfive/Textures & Materials/Tripfive.mat
  artifactKey: Guid(c81f8d7093fca4469b1d13a985e9ae72) Importer(815301076,1909f56bfc062723c751e8b465ee728b)
Start importing Assets/Assets Importados/Pixel Font - Tripfive/Textures & Materials/Tripfive.mat using Guid(c81f8d7093fca4469b1d13a985e9ae72) Importer(815301076,1909f56bfc062723c751e8b465ee728b)  -> (artifact id: 'd381a0717c87c31d43da65f2ae9e99da') in 0.085055 seconds
Number of updated asset objects reloaded before import = 0
Number of asset objects unloaded after import = 2
========================================================================
Received Import Request.
  Time since last request: 0.000019 seconds.
  path: Assets/Assets Importados/Pixel Font - Tripfive/Textures & Materials/Tripfive-OL.mat
  artifactKey: Guid(944e0f2f3fa144416ac5be1a8e188dbc) Importer(815301076,1909f56bfc062723c751e8b465ee728b)
Start importing Assets/Assets Importados/Pixel Font - Tripfive/Textures & Materials/Tripfive-OL.mat using Guid(944e0f2f3fa144416ac5be1a8e188dbc) Importer(815301076,1909f56bfc062723c751e8b465ee728b)  -> (artifact id: '659fa651f0468a76cb1d28b38c91fbba') in 0.017353 seconds
Number of updated asset objects reloaded before import = 0
Number of asset objects unloaded after import = 2
========================================================================
Received Import Request.
  Time since last request: 0.000015 seconds.
  path: Assets/Assets Importados/Pixel Font - Tripfive/Textures & Materials/Tripfive-HS.mat
  artifactKey: Guid(a8a2064660ecc42fab77221fa24060bd) Importer(815301076,1909f56bfc062723c751e8b465ee728b)
Start importing Assets/Assets Importados/Pixel Font - Tripfive/Textures & Materials/Tripfive-HS.mat using Guid(a8a2064660ecc42fab77221fa24060bd) Importer(815301076,1909f56bfc062723c751e8b465ee728b)  -> (artifact id: '48557200f18ab710b4b7d80b4a7be7db') in 0.020316 seconds
Number of updated asset objects reloaded before import = 0
Number of asset objects unloaded after import = 2
========================================================================
Received Import Request.
  Time since last request: 0.000022 seconds.
  path: Assets/Assets Importados/Pixel Font - Tripfive/Textures & Materials/Tripfive-HS.png
  artifactKey: Guid(17eb1212ce5bf4e72bb6768c2efedaca) Importer(815301076,1909f56bfc062723c751e8b465ee728b)
Start importing Assets/Assets Importados/Pixel Font - Tripfive/Textures & Materials/Tripfive-HS.png using Guid(17eb1212ce5bf4e72bb6768c2efedaca) Importer(815301076,1909f56bfc062723c751e8b465ee728b)  -> (artifact id: '21b3a0ccf61417ef6ebda5d3f92efa6c') in 0.030837 seconds
Number of updated asset objects reloaded before import = 0
Number of asset objects unloaded after import = 3
Editor requested this worker to shutdown with reason: Scaling down because of idle timeout
TcpMessagingSession - receive error: operation aborted. errorcode: 995, details: La operación de E/S se anuló por una salida de subproceso o por una solicitud de aplicación.
AssetImportWorker is now disconnected from the server
Process exiting
Exiting without the bug reporter. Application will terminate with return code 0