Using pre-set license
Built from '2022.3/staging' branch; Version is '2022.3.15f1 (b58023a2b463) revision 11894819'; Using compiler version '192829333'; Build Type 'Release'
OS: 'Windows 10  (10.0.19045) 64bit Professional' Language: 'es' Physical Memory: 15791 MB
BatchMode: 1, IsHumanControllingUs: 0, StartBugReporterOnCrash: 0, Is64bit: 1, IsPro: 1

COMMAND LINE ARGUMENTS:
C:\Program Files\Unity\Hub\Editor\2022.3.15f1\Editor\Unity.exe
-adb2
-batchMode
-noUpm
-name
AssetImportWorker0
-projectPath
C:/Users/IGG/Documents/GitHub/AppIntegracion/ProyectoClase_IGG
-logFile
Logs/AssetImportWorker0.log
-srvPort
49159
Successfully changed project path to: C:/Users/IGG/Documents/GitHub/AppIntegracion/ProyectoClase_IGG
C:/Users/IGG/Documents/GitHub/AppIntegracion/ProyectoClase_IGG
[UnityMemory] Configuration Parameters - Can be set up in boot.config
    "memorysetup-bucket-allocator-granularity=16"
    "memorysetup-bucket-allocator-bucket-count=8"
    "memorysetup-bucket-allocator-block-size=33554432"
    "memorysetup-bucket-allocator-block-count=8"
    "memorysetup-main-allocator-block-size=16777216"
    "memorysetup-thread-allocator-block-size=16777216"
    "memorysetup-gfx-main-allocator-block-size=16777216"
    "memorysetup-gfx-thread-allocator-block-size=16777216"
    "memorysetup-cache-allocator-block-size=4194304"
    "memorysetup-typetree-allocator-block-size=2097152"
    "memorysetup-profiler-bucket-allocator-granularity=16"
    "memorysetup-profiler-bucket-allocator-bucket-count=8"
    "memorysetup-profiler-bucket-allocator-block-size=33554432"
    "memorysetup-profiler-bucket-allocator-block-count=8"
    "memorysetup-profiler-allocator-block-size=16777216"
    "memorysetup-profiler-editor-allocator-block-size=1048576"
    "memorysetup-temp-allocator-size-main=16777216"
    "memorysetup-job-temp-allocator-block-size=2097152"
    "memorysetup-job-temp-allocator-block-size-background=1048576"
    "memorysetup-job-temp-allocator-reduction-small-platforms=262144"
    "memorysetup-allocator-temp-initial-block-size-main=262144"
    "memorysetup-allocator-temp-initial-block-size-worker=262144"
    "memorysetup-temp-allocator-size-background-worker=32768"
    "memorysetup-temp-allocator-size-job-worker=262144"
    "memorysetup-temp-allocator-size-preload-manager=33554432"
    "memorysetup-temp-allocator-size-nav-mesh-worker=65536"
    "memorysetup-temp-allocator-size-audio-worker=65536"
    "memorysetup-temp-allocator-size-cloud-worker=32768"
    "memorysetup-temp-allocator-size-gi-baking-worker=262144"
    "memorysetup-temp-allocator-size-gfx=262144"
Player connection [11884] Host "[IP] 25.0.87.80 [Port] 0 [Flags] 2 [Guid] 2421911781 [EditorId] 2421911781 [Version] 1048832 [Id] WindowsEditor(7,IGG-P) [Debug] 1 [PackageName] WindowsEditor [ProjectName] Editor" joined multi-casting on [225.0.0.222:54997]...

Player connection [11884] Host "[IP] 25.0.87.80 [Port] 0 [Flags] 2 [Guid] 2421911781 [EditorId] 2421911781 [Version] 1048832 [Id] WindowsEditor(7,IGG-P) [Debug] 1 [PackageName] WindowsEditor [ProjectName] Editor" joined alternative multi-casting on [225.0.0.222:34997]...

[Physics::Module] Initialized MultithreadedJobDispatcher with 15 workers.
Refreshing native plugins compatible for Editor in 11.93 ms, found 3 plugins.
Preloading 0 native plugins for Editor in 0.00 ms.
Initialize engine version: 2022.3.15f1 (b58023a2b463)
[Subsystems] Discovering subsystems at path C:/Program Files/Unity/Hub/Editor/2022.3.15f1/Editor/Data/Resources/UnitySubsystems
[Subsystems] Discovering subsystems at path C:/Users/IGG/Documents/GitHub/AppIntegracion/ProyectoClase_IGG/Assets
GfxDevice: creating device client; threaded=0; jobified=0
Direct3D:
    Version:  Direct3D 11.0 [level 11.1]
    Renderer: NVIDIA GeForce RTX 3050 Ti Laptop GPU (ID=0x25a0)
    Vendor:   NVIDIA
    VRAM:     3976 MB
    Driver:   31.0.15.3640
Initialize mono
Mono path[0] = 'C:/Program Files/Unity/Hub/Editor/2022.3.15f1/Editor/Data/Managed'
Mono path[1] = 'C:/Program Files/Unity/Hub/Editor/2022.3.15f1/Editor/Data/MonoBleedingEdge/lib/mono/unityjit-win32'
Mono config path = 'C:/Program Files/Unity/Hub/Editor/2022.3.15f1/Editor/Data/MonoBleedingEdge/etc'
Using monoOptions --debugger-agent=transport=dt_socket,embedding=1,server=y,suspend=n,address=127.0.0.1:56240
Begin MonoManager ReloadAssembly
Registering precompiled unity dll's ...
Register platform support module: C:/Program Files/Unity/Hub/Editor/2022.3.15f1/Editor/Data/PlaybackEngines/WebGLSupport/UnityEditor.WebGL.Extensions.dll
Register platform support module: C:/Program Files/Unity/Hub/Editor/2022.3.15f1/Editor/Data/PlaybackEngines/WindowsStandaloneSupport/UnityEditor.WindowsStandalone.Extensions.dll
Registered in 0.012705 seconds.
- Loaded All Assemblies, in  0.385 seconds
Native extension for WindowsStandalone target not found
Native extension for WebGL target not found
Mono: successfully reloaded assembly
- Finished resetting the current domain, in  0.306 seconds
Domain Reload Profiling: 689ms
	BeginReloadAssembly (110ms)
		ExecutionOrderSort (0ms)
		DisableScriptedObjects (0ms)
		BackupInstance (0ms)
		ReleaseScriptingObjects (0ms)
		CreateAndSetChildDomain (1ms)
	RebuildCommonClasses (43ms)
	RebuildNativeTypeToScriptingClass (10ms)
	initialDomainReloadingComplete (68ms)
	LoadAllAssembliesAndSetupDomain (151ms)
		LoadAssemblies (108ms)
		RebuildTransferFunctionScriptingTraits (0ms)
		AnalyzeDomain (149ms)
			TypeCache.Refresh (147ms)
				TypeCache.ScanAssembly (132ms)
			ScanForSourceGeneratedMonoScriptInfo (1ms)
			ResolveRequiredComponents (1ms)
	FinalizeReload (306ms)
		ReleaseScriptCaches (0ms)
		RebuildScriptCaches (0ms)
		SetupLoadedEditorAssemblies (238ms)
			LogAssemblyErrors (0ms)
			InitializePlatformSupportModulesInManaged (13ms)
			SetLoadedEditorAssemblies (6ms)
			RefreshPlugins (0ms)
			BeforeProcessingInitializeOnLoad (2ms)
			ProcessInitializeOnLoadAttributes (163ms)
			ProcessInitializeOnLoadMethodAttributes (54ms)
			AfterProcessingInitializeOnLoad (0ms)
			EditorAssembliesLoaded (0ms)
		ExecutionOrderSort2 (0ms)
		AwakeInstancesAfterBackupRestoration (0ms)
========================================================================
Worker process is ready to serve import requests
Begin MonoManager ReloadAssembly
- Loaded All Assemblies, in  0.695 seconds
Refreshing native plugins compatible for Editor in 5.63 ms, found 3 plugins.
Native extension for WindowsStandalone target not found
Native extension for WebGL target not found
Package Manager log level set to [2]
[Package Manager] Server::EnsureServerProcessIsRunning -- launch failed, reason: Unity was launched with the -noUpm command-line argument
[Package Manager] UpmClient::Send -- Unable to send message (not connected to UPM process).
[Package Manager] Cannot connect to Unity Package Manager local server
Mono: successfully reloaded assembly
- Finished resetting the current domain, in  0.633 seconds
Domain Reload Profiling: 1325ms
	BeginReloadAssembly (159ms)
		ExecutionOrderSort (0ms)
		DisableScriptedObjects (6ms)
		BackupInstance (0ms)
		ReleaseScriptingObjects (0ms)
		CreateAndSetChildDomain (22ms)
	RebuildCommonClasses (35ms)
	RebuildNativeTypeToScriptingClass (11ms)
	initialDomainReloadingComplete (48ms)
	LoadAllAssembliesAndSetupDomain (439ms)
		LoadAssemblies (346ms)
		RebuildTransferFunctionScriptingTraits (0ms)
		AnalyzeDomain (185ms)
			TypeCache.Refresh (161ms)
				TypeCache.ScanAssembly (147ms)
			ScanForSourceGeneratedMonoScriptInfo (16ms)
			ResolveRequiredComponents (7ms)
	FinalizeReload (634ms)
		ReleaseScriptCaches (0ms)
		RebuildScriptCaches (0ms)
		SetupLoadedEditorAssemblies (468ms)
			LogAssemblyErrors (0ms)
			InitializePlatformSupportModulesInManaged (9ms)
			SetLoadedEditorAssemblies (5ms)
			RefreshPlugins (0ms)
			BeforeProcessingInitializeOnLoad (70ms)
			ProcessInitializeOnLoadAttributes (357ms)
			ProcessInitializeOnLoadMethodAttributes (19ms)
			AfterProcessingInitializeOnLoad (9ms)
			EditorAssembliesLoaded (0ms)
		ExecutionOrderSort2 (0ms)
		AwakeInstancesAfterBackupRestoration (6ms)
Launched and connected shader compiler UnityShaderCompiler.exe after 0.04 seconds
Refreshing native plugins compatible for Editor in 5.29 ms, found 3 plugins.
Preloading 0 native plugins for Editor in 0.00 ms.
Unloading 3410 Unused Serialized files (Serialized files now loaded: 0)
Unloading 57 unused Assets / (1.4 MB). Loaded Objects now: 3879.
Memory consumption went from 230.9 MB to 229.5 MB.
Total: 3.429400 ms (FindLiveObjects: 0.325200 ms CreateObjectMapping: 0.086900 ms MarkObjects: 2.588300 ms  DeleteObjects: 0.427500 ms)

AssetImportParameters requested are different than current active one (requested -> active):
  custom:container-demuxer-ogg: 62fdf1f143b41e24485cea50d1cbac27 -> 
  custom:video-decoder-ogg-theora: a1e56fd34408186e4bbccfd4996cb3dc -> 
  custom:framework-win-MediaFoundation: 216162199b28c13a410421893ffa2e32 -> 
  custom:CustomObjectIndexerAttribute: 43b350a4d6e6d1791af0b5038c4bea17 -> 
  custom:container-demuxer-webm: 4f35f7cbe854078d1ac9338744f61a02 -> 
  custom:container-muxer-webm: aa71ff27fc2769a1b78a27578f13a17b -> 
  custom:video-decoder-webm-vp8: 9c59270c3fd7afecdb556c50c9e8de78 -> 
  custom:SearchIndexIgnoredProperties: e643bd26f0fe6173181afceb89e7c659 -> 
  custom:AudioImporter_EditorPlatform: d09bf68614088b80899f8185d706f6e7 -> 
  custom:video-encoder-webm-vp8: eb34c28f22e8b96e1ab97ce403110664 -> 
  custom:audio-decoder-ogg-vorbis: bf7c407c2cedff20999df2af8eb42d56 -> 
  custom:audio-encoder-webm-vorbis: bf7c407c2cedff20999df2af8eb42d56 -> 
========================================================================
Received Import Request.
  Time since last request: 18367.685558 seconds.
  path: Assets/ProyectoIGG/Level/MainMenu.unity
  artifactKey: Guid(8eb63083b8833f24d9032b6581321ab6) Importer(815301076,1909f56bfc062723c751e8b465ee728b)
Start importing Assets/ProyectoIGG/Level/MainMenu.unity using Guid(8eb63083b8833f24d9032b6581321ab6) Importer(815301076,1909f56bfc062723c751e8b465ee728b)  -> (artifact id: 'a2fa89b22141d30ab1e58b2654522163') in 0.002981 seconds
Number of updated asset objects reloaded before import = 0
Number of asset objects unloaded after import = 0
========================================================================
Received Import Request.
  Time since last request: 49.551575 seconds.
  path: Assets/ProyectoIGG/Level/1LunarLandScapeIGG 1.unity
  artifactKey: Guid(c4056b5bfdfeed542ace1e90e8a194b7) Importer(815301076,1909f56bfc062723c751e8b465ee728b)
Start importing Assets/ProyectoIGG/Level/1LunarLandScapeIGG 1.unity using Guid(c4056b5bfdfeed542ace1e90e8a194b7) Importer(815301076,1909f56bfc062723c751e8b465ee728b)  -> (artifact id: 'dfb4a2e16c64e95caec927df7462a9be') in 0.000593 seconds
Number of updated asset objects reloaded before import = 0
Number of asset objects unloaded after import = 0
========================================================================
Received Import Request.
  Time since last request: 18.810709 seconds.
  path: Assets/ProyectoIGG/Level/MainMenu.unity
  artifactKey: Guid(c4056b5bfdfeed542ace1e90e8a194b7) Importer(815301076,1909f56bfc062723c751e8b465ee728b)
Start importing Assets/ProyectoIGG/Level/MainMenu.unity using Guid(c4056b5bfdfeed542ace1e90e8a194b7) Importer(815301076,1909f56bfc062723c751e8b465ee728b)  -> (artifact id: '6493bf644e48e92ea2635c5448488243') in 0.000664 seconds
Number of updated asset objects reloaded before import = 0
Number of asset objects unloaded after import = 0
========================================================================
Received Import Request.
  Time since last request: 48.598341 seconds.
  path: Assets/Assets Importados/UnityTechnologies/ParticlePack/EffectExamples/Fire & Explosion Effects/Materials/FireExplosion.mat
  artifactKey: Guid(7a306caa8f9f7ed40a5361ce411cdf1b) Importer(815301076,1909f56bfc062723c751e8b465ee728b)
Start importing Assets/Assets Importados/UnityTechnologies/ParticlePack/EffectExamples/Fire & Explosion Effects/Materials/FireExplosion.mat using Guid(7a306caa8f9f7ed40a5361ce411cdf1b) Importer(815301076,1909f56bfc062723c751e8b465ee728b)  -> (artifact id: '7bc7503ea828cab427ed036b561a8b3c') in 0.158893 seconds
Number of updated asset objects reloaded before import = 0
Number of asset objects unloaded after import = 2
========================================================================
Received Import Request.
  Time since last request: 93.440151 seconds.
  path: Assets/ProyectoIGG/Level/MenuInicial.unity
  artifactKey: Guid(c4056b5bfdfeed542ace1e90e8a194b7) Importer(815301076,1909f56bfc062723c751e8b465ee728b)
Start importing Assets/ProyectoIGG/Level/MenuInicial.unity using Guid(c4056b5bfdfeed542ace1e90e8a194b7) Importer(815301076,1909f56bfc062723c751e8b465ee728b)  -> (artifact id: '4571d85209e78f9e1d6f8979d221b94f') in 0.000750 seconds
Number of updated asset objects reloaded before import = 0
Number of asset objects unloaded after import = 0
========================================================================
Received Import Request.
  Time since last request: 246.370973 seconds.
  path: Assets/ProyectoIGG/Sounds/drop_001.ogg
  artifactKey: Guid(9d3981a0ddeb72b40b0d00cf27eadf28) Importer(815301076,1909f56bfc062723c751e8b465ee728b)
Start importing Assets/ProyectoIGG/Sounds/drop_001.ogg using Guid(9d3981a0ddeb72b40b0d00cf27eadf28) Importer(815301076,1909f56bfc062723c751e8b465ee728b)  -> (artifact id: 'f506f52b7943eb9a33adb094e5e28896') in 0.040436 seconds
Number of updated asset objects reloaded before import = 0
Number of asset objects unloaded after import = 2
========================================================================
Received Import Request.
  Time since last request: 0.000030 seconds.
  path: Assets/ProyectoIGG/Sounds/explosion.wav
  artifactKey: Guid(21c4a490b24ba2045bc815f7626a40ef) Importer(815301076,1909f56bfc062723c751e8b465ee728b)
Start importing Assets/ProyectoIGG/Sounds/explosion.wav using Guid(21c4a490b24ba2045bc815f7626a40ef) Importer(815301076,1909f56bfc062723c751e8b465ee728b)  -> (artifact id: '49ec8c34f57bc77da5cb4ca52dacb5a8') in 0.033410 seconds
Number of updated asset objects reloaded before import = 0
Number of asset objects unloaded after import = 2
========================================================================
Received Import Request.
  Time since last request: 0.000021 seconds.
  path: Assets/ProyectoIGG/Sounds/thrusters_loopwav-14699.mp3
  artifactKey: Guid(b33b1d3fb23ec2f4499d9b16ea112595) Importer(815301076,1909f56bfc062723c751e8b465ee728b)
Start importing Assets/ProyectoIGG/Sounds/thrusters_loopwav-14699.mp3 using Guid(b33b1d3fb23ec2f4499d9b16ea112595) Importer(815301076,1909f56bfc062723c751e8b465ee728b)  -> (artifact id: '34fd9a9b476d164c02ac4ae2724bd7d4') in 0.013272 seconds
Number of updated asset objects reloaded before import = 0
Number of asset objects unloaded after import = 2
========================================================================
Received Import Request.
  Time since last request: 27.605227 seconds.
  path: Assets/ProyectoIGG/lunarlander.png
  artifactKey: Guid(a62c545266a90b94ca0536ed1ead8b7a) Importer(815301076,1909f56bfc062723c751e8b465ee728b)
Start importing Assets/ProyectoIGG/lunarlander.png using Guid(a62c545266a90b94ca0536ed1ead8b7a) Importer(815301076,1909f56bfc062723c751e8b465ee728b)  -> (artifact id: '986ca7f71a7a9c74458c1db2c1ee4522') in 0.028022 seconds
Number of updated asset objects reloaded before import = 0
Number of asset objects unloaded after import = 2
========================================================================
Received Import Request.
  Time since last request: 705.555895 seconds.
  path: Assets/Assets Importados/UnityTechnologies/ParticlePack/TextMesh Pro/Resources/Fonts & Materials/LiberationSans SDF - Drop Shadow.mat
  artifactKey: Guid(e73a58f6e2794ae7b1b7e50b7fb811b0) Importer(815301076,1909f56bfc062723c751e8b465ee728b)
Start importing Assets/Assets Importados/UnityTechnologies/ParticlePack/TextMesh Pro/Resources/Fonts & Materials/LiberationSans SDF - Drop Shadow.mat using Guid(e73a58f6e2794ae7b1b7e50b7fb811b0) Importer(815301076,1909f56bfc062723c751e8b465ee728b)  -> (artifact id: 'f6ea910bb8f5bb21efefbf2b76b2420a') in 0.085434 seconds
Number of updated asset objects reloaded before import = 0
Number of asset objects unloaded after import = 2
========================================================================
Received Import Request.
  Time since last request: 100.397695 seconds.
  path: Assets/ProyectoIGG/New Material.mat
  artifactKey: Guid(5859b8a926dd99e468ed717312a85ec8) Importer(815301076,1909f56bfc062723c751e8b465ee728b)
Start importing Assets/ProyectoIGG/New Material.mat using Guid(5859b8a926dd99e468ed717312a85ec8) Importer(815301076,1909f56bfc062723c751e8b465ee728b)  -> (artifact id: '6c20b006f4d307b8ef4e610a27332606') in 0.018103 seconds
Number of updated asset objects reloaded before import = 0
Number of asset objects unloaded after import = 1
========================================================================
Received Import Request.
  Time since last request: 120.658569 seconds.
  path: Assets/ProyectoIGG/MyAssets
  artifactKey: Guid(c98565863c2786c4bb18c8e7c0cde1ba) Importer(815301076,1909f56bfc062723c751e8b465ee728b)
Start importing Assets/ProyectoIGG/MyAssets using Guid(c98565863c2786c4bb18c8e7c0cde1ba) Importer(815301076,1909f56bfc062723c751e8b465ee728b)  -> (artifact id: 'edaa4a0710c5add16794f02ff829ca1d') in 0.000742 seconds
Number of updated asset objects reloaded before import = 0
Number of asset objects unloaded after import = 0
========================================================================
Received Import Request.
  Time since last request: 12.290145 seconds.
  path: Assets/ProyectoIGG/MyAssets/Imagenes
  artifactKey: Guid(bcb605ad3ae9f2546a05838537990ba1) Importer(815301076,1909f56bfc062723c751e8b465ee728b)
Start importing Assets/ProyectoIGG/MyAssets/Imagenes using Guid(bcb605ad3ae9f2546a05838537990ba1) Importer(815301076,1909f56bfc062723c751e8b465ee728b)  -> (artifact id: '67d496897d4424bf50679b13d4d578a4') in 0.000580 seconds
Number of updated asset objects reloaded before import = 0
Number of asset objects unloaded after import = 0
========================================================================
Received Import Request.
  Time since last request: 10.572902 seconds.
  path: Assets/ProyectoIGG/MyAssets/Asteroide
  artifactKey: Guid(154e5589ad7c09d4ea24a921cb4c207b) Importer(815301076,1909f56bfc062723c751e8b465ee728b)
Start importing Assets/ProyectoIGG/MyAssets/Asteroide using Guid(154e5589ad7c09d4ea24a921cb4c207b) Importer(815301076,1909f56bfc062723c751e8b465ee728b)  -> (artifact id: '53a73e5773c3984a3c1da5465900eba1') in 0.000617 seconds
Number of updated asset objects reloaded before import = 0
Number of asset objects unloaded after import = 0
========================================================================
Received Import Request.
  Time since last request: 13.369850 seconds.
  path: Assets/ProyectoIGG/MyAssets/Actores
  artifactKey: Guid(a9793a9a2b9404f469c5f9d295e34cf9) Importer(815301076,1909f56bfc062723c751e8b465ee728b)
Start importing Assets/ProyectoIGG/MyAssets/Actores using Guid(a9793a9a2b9404f469c5f9d295e34cf9) Importer(815301076,1909f56bfc062723c751e8b465ee728b)  -> (artifact id: '2dd1fcb31f217869eb39cb49db82c3ef') in 0.000640 seconds
Number of updated asset objects reloaded before import = 0
Number of asset objects unloaded after import = 0
========================================================================
Received Import Request.
  Time since last request: 61.483544 seconds.
  path: Assets/Assets Importados/Leohpaz/RPG_Essentials_Free/8_Atk_Magic_SFX/04_Fire_explosion_04_medium.wav
  artifactKey: Guid(a652877b012108e41871f867ada9f176) Importer(815301076,1909f56bfc062723c751e8b465ee728b)
Start importing Assets/Assets Importados/Leohpaz/RPG_Essentials_Free/8_Atk_Magic_SFX/04_Fire_explosion_04_medium.wav using Guid(a652877b012108e41871f867ada9f176) Importer(815301076,1909f56bfc062723c751e8b465ee728b)  -> (artifact id: '5f6c5016784f0e0701543fc876a63f06') in 0.023620 seconds
Number of updated asset objects reloaded before import = 0
Number of asset objects unloaded after import = 2
========================================================================
Received Import Request.
  Time since last request: 0.007629 seconds.
  path: Assets/Assets Importados/Leohpaz/RPG_Essentials_Free/8_Buffs_Heals_SFX/21_Debuff_01.wav
  artifactKey: Guid(acbcb75601b0082458fda8807f67c813) Importer(815301076,1909f56bfc062723c751e8b465ee728b)
Start importing Assets/Assets Importados/Leohpaz/RPG_Essentials_Free/8_Buffs_Heals_SFX/21_Debuff_01.wav using Guid(acbcb75601b0082458fda8807f67c813) Importer(815301076,1909f56bfc062723c751e8b465ee728b)  -> (artifact id: 'f688aa890d04e3c8308bb4f5558994d4') in 0.025063 seconds
Number of updated asset objects reloaded before import = 0
Number of asset objects unloaded after import = 2
========================================================================
Received Import Request.
  Time since last request: 0.000018 seconds.
  path: Assets/Assets Importados/Leohpaz/RPG_Essentials_Free/12_Player_Movement_SFX/26_Swim_Submerged_02.wav
  artifactKey: Guid(c619008f1efb180488a78e4a966a3e16) Importer(815301076,1909f56bfc062723c751e8b465ee728b)
Start importing Assets/Assets Importados/Leohpaz/RPG_Essentials_Free/12_Player_Movement_SFX/26_Swim_Submerged_02.wav using Guid(c619008f1efb180488a78e4a966a3e16) Importer(815301076,1909f56bfc062723c751e8b465ee728b)  -> (artifact id: '1dccf8dce18e96041d69c19772978690') in 0.024720 seconds
Number of updated asset objects reloaded before import = 0
Number of asset objects unloaded after import = 2
========================================================================
Received Import Request.
  Time since last request: 0.000020 seconds.
  path: Assets/Assets Importados/Leohpaz/RPG_Essentials_Free/10_UI_Menu_SFX/051_use_item_01.wav
  artifactKey: Guid(ba39bf8baf6d13046889b2d64822381a) Importer(815301076,1909f56bfc062723c751e8b465ee728b)
Start importing Assets/Assets Importados/Leohpaz/RPG_Essentials_Free/10_UI_Menu_SFX/051_use_item_01.wav using Guid(ba39bf8baf6d13046889b2d64822381a) Importer(815301076,1909f56bfc062723c751e8b465ee728b)  -> (artifact id: 'c963c1934e2573396577b1731d6b7a50') in 0.022579 seconds
Number of updated asset objects reloaded before import = 0
Number of asset objects unloaded after import = 2
========================================================================
Received Import Request.
  Time since last request: 0.000037 seconds.
  path: Assets/Assets Importados/AssetSpaces/Models/DAE format/platform_straight.dae
  artifactKey: Guid(ea9d257966a8ba54986d94109962e0e2) Importer(815301076,1909f56bfc062723c751e8b465ee728b)
Start importing Assets/Assets Importados/AssetSpaces/Models/DAE format/platform_straight.dae using Guid(ea9d257966a8ba54986d94109962e0e2) Importer(815301076,1909f56bfc062723c751e8b465ee728b)  -> (artifact id: '18cf23a27b719f590e001c7f390adf49') in 0.073627 seconds
Number of updated asset objects reloaded before import = 0
Number of asset objects unloaded after import = 11
========================================================================
Received Import Request.
  Time since last request: 0.000031 seconds.
  path: Assets/Assets Importados/AssetSpaces/Models/DAE format/pipe_supportHigh.dae
  artifactKey: Guid(b90e6c48b30d27542b8f444b6b5423a5) Importer(815301076,1909f56bfc062723c751e8b465ee728b)
Start importing Assets/Assets Importados/AssetSpaces/Models/DAE format/pipe_supportHigh.dae using Guid(b90e6c48b30d27542b8f444b6b5423a5) Importer(815301076,1909f56bfc062723c751e8b465ee728b)  -> (artifact id: '04c561409f2210ae5c5ceed81393e18c') in 0.038200 seconds
Number of updated asset objects reloaded before import = 0
Number of asset objects unloaded after import = 10
========================================================================
Received Import Request.
  Time since last request: 0.000025 seconds.
  path: Assets/Assets Importados/AssetSpaces/Models/DAE format/machine_generator.dae
  artifactKey: Guid(59239b4946bae75458379379ba281a00) Importer(815301076,1909f56bfc062723c751e8b465ee728b)
Start importing Assets/Assets Importados/AssetSpaces/Models/DAE format/machine_generator.dae using Guid(59239b4946bae75458379379ba281a00) Importer(815301076,1909f56bfc062723c751e8b465ee728b)  -> (artifact id: '19696cc33488fe4cd8fe842d6e699e73') in 0.063506 seconds
Number of updated asset objects reloaded before import = 0
Number of asset objects unloaded after import = 19
========================================================================
Received Import Request.
  Time since last request: 0.000035 seconds.
  path: Assets/Assets Importados/AssetSpaces/Models/FBX format/pipe_supportHigh.fbx
  artifactKey: Guid(a27ec2e4151c4a64da787a14421bf452) Importer(815301076,1909f56bfc062723c751e8b465ee728b)
Start importing Assets/Assets Importados/AssetSpaces/Models/FBX format/pipe_supportHigh.fbx using Guid(a27ec2e4151c4a64da787a14421bf452) Importer(815301076,1909f56bfc062723c751e8b465ee728b)  -> (artifact id: '931256e38f1ea65d14ced87613109c74') in 0.036532 seconds
Number of updated asset objects reloaded before import = 0
Number of asset objects unloaded after import = 10
========================================================================
Received Import Request.
  Time since last request: 0.000019 seconds.
  path: Assets/Assets Importados/AssetSpaces/Models/FBX format/corridor_wallCorner.fbx
  artifactKey: Guid(102608b8b009e6d4b86f135bedfd2bdf) Importer(815301076,1909f56bfc062723c751e8b465ee728b)
Start importing Assets/Assets Importados/AssetSpaces/Models/FBX format/corridor_wallCorner.fbx using Guid(102608b8b009e6d4b86f135bedfd2bdf) Importer(815301076,1909f56bfc062723c751e8b465ee728b)  -> (artifact id: '427791a0c40e1100d124f4a423352443') in 0.038337 seconds
Number of updated asset objects reloaded before import = 0
Number of asset objects unloaded after import = 11
========================================================================
Received Import Request.
  Time since last request: 0.000028 seconds.
  path: Assets/Assets Importados/AssetSpaces/Models/FBX format/pipe_ringHighEnd.fbx
  artifactKey: Guid(af32a3fde045b30418d92bb06d5aee81) Importer(815301076,1909f56bfc062723c751e8b465ee728b)
Start importing Assets/Assets Importados/AssetSpaces/Models/FBX format/pipe_ringHighEnd.fbx using Guid(af32a3fde045b30418d92bb06d5aee81) Importer(815301076,1909f56bfc062723c751e8b465ee728b)  -> (artifact id: '11b468c8595460722e313700736a02d9') in 0.039403 seconds
Number of updated asset objects reloaded before import = 0
Number of asset objects unloaded after import = 12
========================================================================
Received Import Request.
  Time since last request: 0.000015 seconds.
  path: Assets/Assets Importados/AssetSpaces/Models/FBX format/pipe_ringSupport.fbx
  artifactKey: Guid(fc16af08a4b41d0429e4315856d40c81) Importer(815301076,1909f56bfc062723c751e8b465ee728b)
Start importing Assets/Assets Importados/AssetSpaces/Models/FBX format/pipe_ringSupport.fbx using Guid(fc16af08a4b41d0429e4315856d40c81) Importer(815301076,1909f56bfc062723c751e8b465ee728b)  -> (artifact id: '2c53dd0b5beb0e016318d50924ce723e') in 0.033887 seconds
Number of updated asset objects reloaded before import = 0
Number of asset objects unloaded after import = 10
========================================================================
Received Import Request.
  Time since last request: 0.000023 seconds.
  path: Assets/Assets Importados/AssetSpaces/Models/FBX format/satelliteDish_detailed.fbx
  artifactKey: Guid(1cafa9f7fc6b80d4b96feaaa8df4c683) Importer(815301076,1909f56bfc062723c751e8b465ee728b)
Start importing Assets/Assets Importados/AssetSpaces/Models/FBX format/satelliteDish_detailed.fbx using Guid(1cafa9f7fc6b80d4b96feaaa8df4c683) Importer(815301076,1909f56bfc062723c751e8b465ee728b)  -> (artifact id: 'dfeef1758369032c244d5f036098ce6d') in 0.045356 seconds
Number of updated asset objects reloaded before import = 0
Number of asset objects unloaded after import = 12
========================================================================
Received Import Request.
  Time since last request: 0.000017 seconds.
  path: Assets/Assets Importados/AssetSpaces/Models/DAE format/platform_side.dae
  artifactKey: Guid(f132fed6f518033468156bd2efd31b42) Importer(815301076,1909f56bfc062723c751e8b465ee728b)
Start importing Assets/Assets Importados/AssetSpaces/Models/DAE format/platform_side.dae using Guid(f132fed6f518033468156bd2efd31b42) Importer(815301076,1909f56bfc062723c751e8b465ee728b)  -> (artifact id: 'e14fd26a287b700685f6570fe6c76ce6') in 0.036783 seconds
Number of updated asset objects reloaded before import = 0
Number of asset objects unloaded after import = 11
========================================================================
Received Import Request.
  Time since last request: 0.000025 seconds.
  path: Assets/Assets Importados/AssetSpaces/Models/FBX format/corridor_cross.fbx
  artifactKey: Guid(7292944e8b4eeef49b268b911a4c6847) Importer(815301076,1909f56bfc062723c751e8b465ee728b)
Start importing Assets/Assets Importados/AssetSpaces/Models/FBX format/corridor_cross.fbx using Guid(7292944e8b4eeef49b268b911a4c6847) Importer(815301076,1909f56bfc062723c751e8b465ee728b)  -> (artifact id: 'db2cc8ba924954a9576623c14a4ab55d') in 0.035232 seconds
Number of updated asset objects reloaded before import = 0
Number of asset objects unloaded after import = 10
========================================================================
Received Import Request.
  Time since last request: 0.000033 seconds.
  path: Assets/Assets Importados/AssetSpaces/Models/FBX format/monorail_trainCargo.fbx
  artifactKey: Guid(9ac4cc4664b686745ad8fe96264aa41b) Importer(815301076,1909f56bfc062723c751e8b465ee728b)
Start importing Assets/Assets Importados/AssetSpaces/Models/FBX format/monorail_trainCargo.fbx using Guid(9ac4cc4664b686745ad8fe96264aa41b) Importer(815301076,1909f56bfc062723c751e8b465ee728b)  -> (artifact id: '9bd55ed0284a1f1d1a707772ae7844c8') in 0.061535 seconds
Number of updated asset objects reloaded before import = 0
Number of asset objects unloaded after import = 17
========================================================================
Received Import Request.
  Time since last request: 0.000035 seconds.
  path: Assets/Assets Importados/Leohpaz/RPG_Essentials_Free/10_UI_Menu_SFX/079_Buy_sell_01.wav
  artifactKey: Guid(abdbbfd33a46f4549987385f85c536b5) Importer(815301076,1909f56bfc062723c751e8b465ee728b)
Start importing Assets/Assets Importados/Leohpaz/RPG_Essentials_Free/10_UI_Menu_SFX/079_Buy_sell_01.wav using Guid(abdbbfd33a46f4549987385f85c536b5) Importer(815301076,1909f56bfc062723c751e8b465ee728b)  -> (artifact id: '8f108a27676b2b9f12c60e9fbf295e90') in 0.027135 seconds
Number of updated asset objects reloaded before import = 0
Number of asset objects unloaded after import = 2
========================================================================
Received Import Request.
  Time since last request: 0.000029 seconds.
  path: Assets/Assets Importados/AssetSpaces/Models/FBX format/rocket_topA.fbx
  artifactKey: Guid(12300069aa41401459db43426c8f4d3b) Importer(815301076,1909f56bfc062723c751e8b465ee728b)
Start importing Assets/Assets Importados/AssetSpaces/Models/FBX format/rocket_topA.fbx using Guid(12300069aa41401459db43426c8f4d3b) Importer(815301076,1909f56bfc062723c751e8b465ee728b)  -> (artifact id: '06b2404455e4350e9ceef71a447b4ede') in 0.037420 seconds
Number of updated asset objects reloaded before import = 0
Number of asset objects unloaded after import = 11
========================================================================
Received Import Request.
  Time since last request: 0.000027 seconds.
  path: Assets/Assets Importados/Leohpaz/RPG_Essentials_Free/10_UI_Menu_SFX/092_Pause_04.wav
  artifactKey: Guid(b83bf8726a7fac349a54389f0c57cda6) Importer(815301076,1909f56bfc062723c751e8b465ee728b)
Start importing Assets/Assets Importados/Leohpaz/RPG_Essentials_Free/10_UI_Menu_SFX/092_Pause_04.wav using Guid(b83bf8726a7fac349a54389f0c57cda6) Importer(815301076,1909f56bfc062723c751e8b465ee728b)  -> (artifact id: '4bd5860a516e53b2991e48c44654c70e') in 0.023211 seconds
Number of updated asset objects reloaded before import = 0
Number of asset objects unloaded after import = 2
========================================================================
Received Import Request.
  Time since last request: 0.000025 seconds.
  path: Assets/Assets Importados/AssetSpaces/Models/DAE format/pipe_ringHigh.dae
  artifactKey: Guid(a0f1bc0c10944614ab12b27cd0720329) Importer(815301076,1909f56bfc062723c751e8b465ee728b)
Start importing Assets/Assets Importados/AssetSpaces/Models/DAE format/pipe_ringHigh.dae using Guid(a0f1bc0c10944614ab12b27cd0720329) Importer(815301076,1909f56bfc062723c751e8b465ee728b)  -> (artifact id: '74d975ebdaba8c1c206b93deddd3ec91') in 0.043424 seconds
Number of updated asset objects reloaded before import = 0
Number of asset objects unloaded after import = 12
========================================================================
Received Import Request.
  Time since last request: 0.000021 seconds.
  path: Assets/Assets Importados/UnityTechnologies/ParticlePack/Shared/Sprites/UnityLogo.png
  artifactKey: Guid(e9980ad31e8dba04aa8110ba611c69d8) Importer(815301076,1909f56bfc062723c751e8b465ee728b)
Start importing Assets/Assets Importados/UnityTechnologies/ParticlePack/Shared/Sprites/UnityLogo.png using Guid(e9980ad31e8dba04aa8110ba611c69d8) Importer(815301076,1909f56bfc062723c751e8b465ee728b)  -> (artifact id: '663b6c612bac6f9d60c061c8d83c4bdf') in 0.041088 seconds
Number of updated asset objects reloaded before import = 0
Number of asset objects unloaded after import = 3
========================================================================
Received Import Request.
  Time since last request: 0.000021 seconds.
  path: Assets/Assets Importados/AssetSpaces/Models/DAE format/terrain_sideEnd.dae
  artifactKey: Guid(5f20911e375b6b24bac72d2283a10ad7) Importer(815301076,1909f56bfc062723c751e8b465ee728b)
Start importing Assets/Assets Importados/AssetSpaces/Models/DAE format/terrain_sideEnd.dae using Guid(5f20911e375b6b24bac72d2283a10ad7) Importer(815301076,1909f56bfc062723c751e8b465ee728b)  -> (artifact id: 'd288858d1f776cfc39e317ece137873b') in 0.031895 seconds
Number of updated asset objects reloaded before import = 0
Number of asset objects unloaded after import = 10
========================================================================
Received Import Request.
  Time since last request: 0.000021 seconds.
  path: Assets/Assets Importados/AssetSpaces/Models/DAE format/corridor_split.dae
  artifactKey: Guid(b12af5a8e17945043951eaddb4daa2d7) Importer(815301076,1909f56bfc062723c751e8b465ee728b)
Start importing Assets/Assets Importados/AssetSpaces/Models/DAE format/corridor_split.dae using Guid(b12af5a8e17945043951eaddb4daa2d7) Importer(815301076,1909f56bfc062723c751e8b465ee728b)  -> (artifact id: '18e6f6828ce85bcc59126f994af7e12a') in 0.035150 seconds
Number of updated asset objects reloaded before import = 0
Number of asset objects unloaded after import = 11
========================================================================
Received Import Request.
  Time since last request: 0.000022 seconds.
  path: Assets/Assets Importados/AssetSpaces/Models/DAE format/corridor_cross.dae
  artifactKey: Guid(192f121d895240d48bebd05bd57d73c5) Importer(815301076,1909f56bfc062723c751e8b465ee728b)
Start importing Assets/Assets Importados/AssetSpaces/Models/DAE format/corridor_cross.dae using Guid(192f121d895240d48bebd05bd57d73c5) Importer(815301076,1909f56bfc062723c751e8b465ee728b)  -> (artifact id: '8d4b3de01e1640b5aca26c010ec3017b') in 0.030114 seconds
Number of updated asset objects reloaded before import = 0
Number of asset objects unloaded after import = 10
========================================================================
Received Import Request.
  Time since last request: 0.000034 seconds.
  path: Assets/Assets Importados/Leohpaz/RPG_Essentials_Free/10_UI_Menu_SFX/071_Unequip_01.wav
  artifactKey: Guid(78ad99fd0a0a5144280b07bbdba84815) Importer(815301076,1909f56bfc062723c751e8b465ee728b)
Start importing Assets/Assets Importados/Leohpaz/RPG_Essentials_Free/10_UI_Menu_SFX/071_Unequip_01.wav using Guid(78ad99fd0a0a5144280b07bbdba84815) Importer(815301076,1909f56bfc062723c751e8b465ee728b)  -> (artifact id: '0fcf9f476ac60918c66d0ea72853459f') in 0.022908 seconds
Number of updated asset objects reloaded before import = 0
Number of asset objects unloaded after import = 2
========================================================================
Received Import Request.
  Time since last request: 0.000021 seconds.
  path: Assets/Assets Importados/Leohpaz/RPG_Essentials_Free/8_Atk_Magic_SFX/18_Thunder_02.wav
  artifactKey: Guid(f1cb5d83282f2904a85f73111d068616) Importer(815301076,1909f56bfc062723c751e8b465ee728b)
Start importing Assets/Assets Importados/Leohpaz/RPG_Essentials_Free/8_Atk_Magic_SFX/18_Thunder_02.wav using Guid(f1cb5d83282f2904a85f73111d068616) Importer(815301076,1909f56bfc062723c751e8b465ee728b)  -> (artifact id: 'f7a0bc026bfcc2b18f0564d93d002b84') in 0.029062 seconds
Number of updated asset objects reloaded before import = 0
Number of asset objects unloaded after import = 2
Editor requested this worker to shutdown with reason: Scaling down because of idle timeout
TcpMessagingSession - receive error: operation aborted. errorcode: 995, details: La operación de E/S se anuló por una salida de subproceso o por una solicitud de aplicación.
AssetImportWorker is now disconnected from the server
Process exiting
Exiting without the bug reporter. Application will terminate with return code 0