Using pre-set license
Built from '2022.3/staging' branch; Version is '2022.3.15f1 (b58023a2b463) revision 11894819'; Using compiler version '192829333'; Build Type 'Release'
OS: 'Windows 10  (10.0.19045) 64bit Professional' Language: 'es' Physical Memory: 15791 MB
BatchMode: 1, IsHumanControllingUs: 0, StartBugReporterOnCrash: 0, Is64bit: 1, IsPro: 1

COMMAND LINE ARGUMENTS:
C:\Program Files\Unity\Hub\Editor\2022.3.15f1\Editor\Unity.exe
-adb2
-batchMode
-noUpm
-name
AssetImportWorker1
-projectPath
C:/Users/IGG/Documents/GitHub/AppIntegracion/ProyectoClase_IGG
-logFile
Logs/AssetImportWorker1.log
-srvPort
49159
Successfully changed project path to: C:/Users/IGG/Documents/GitHub/AppIntegracion/ProyectoClase_IGG
C:/Users/IGG/Documents/GitHub/AppIntegracion/ProyectoClase_IGG
[UnityMemory] Configuration Parameters - Can be set up in boot.config
    "memorysetup-bucket-allocator-granularity=16"
    "memorysetup-bucket-allocator-bucket-count=8"
    "memorysetup-bucket-allocator-block-size=33554432"
    "memorysetup-bucket-allocator-block-count=8"
    "memorysetup-main-allocator-block-size=16777216"
    "memorysetup-thread-allocator-block-size=16777216"
    "memorysetup-gfx-main-allocator-block-size=16777216"
    "memorysetup-gfx-thread-allocator-block-size=16777216"
    "memorysetup-cache-allocator-block-size=4194304"
    "memorysetup-typetree-allocator-block-size=2097152"
    "memorysetup-profiler-bucket-allocator-granularity=16"
    "memorysetup-profiler-bucket-allocator-bucket-count=8"
    "memorysetup-profiler-bucket-allocator-block-size=33554432"
    "memorysetup-profiler-bucket-allocator-block-count=8"
    "memorysetup-profiler-allocator-block-size=16777216"
    "memorysetup-profiler-editor-allocator-block-size=1048576"
    "memorysetup-temp-allocator-size-main=16777216"
    "memorysetup-job-temp-allocator-block-size=2097152"
    "memorysetup-job-temp-allocator-block-size-background=1048576"
    "memorysetup-job-temp-allocator-reduction-small-platforms=262144"
    "memorysetup-allocator-temp-initial-block-size-main=262144"
    "memorysetup-allocator-temp-initial-block-size-worker=262144"
    "memorysetup-temp-allocator-size-background-worker=32768"
    "memorysetup-temp-allocator-size-job-worker=262144"
    "memorysetup-temp-allocator-size-preload-manager=33554432"
    "memorysetup-temp-allocator-size-nav-mesh-worker=65536"
    "memorysetup-temp-allocator-size-audio-worker=65536"
    "memorysetup-temp-allocator-size-cloud-worker=32768"
    "memorysetup-temp-allocator-size-gi-baking-worker=262144"
    "memorysetup-temp-allocator-size-gfx=262144"
Player connection [13660] Host "[IP] 25.0.87.80 [Port] 0 [Flags] 2 [Guid] 1982099606 [EditorId] 1982099606 [Version] 1048832 [Id] WindowsEditor(7,IGG-P) [Debug] 1 [PackageName] WindowsEditor [ProjectName] Editor" joined multi-casting on [225.0.0.222:54997]...

Player connection [13660] Host "[IP] 25.0.87.80 [Port] 0 [Flags] 2 [Guid] 1982099606 [EditorId] 1982099606 [Version] 1048832 [Id] WindowsEditor(7,IGG-P) [Debug] 1 [PackageName] WindowsEditor [ProjectName] Editor" joined alternative multi-casting on [225.0.0.222:34997]...

[Physics::Module] Initialized MultithreadedJobDispatcher with 15 workers.
Refreshing native plugins compatible for Editor in 11.76 ms, found 3 plugins.
Preloading 0 native plugins for Editor in 0.00 ms.
Initialize engine version: 2022.3.15f1 (b58023a2b463)
[Subsystems] Discovering subsystems at path C:/Program Files/Unity/Hub/Editor/2022.3.15f1/Editor/Data/Resources/UnitySubsystems
[Subsystems] Discovering subsystems at path C:/Users/IGG/Documents/GitHub/AppIntegracion/ProyectoClase_IGG/Assets
GfxDevice: creating device client; threaded=0; jobified=0
Direct3D:
    Version:  Direct3D 11.0 [level 11.1]
    Renderer: NVIDIA GeForce RTX 3050 Ti Laptop GPU (ID=0x25a0)
    Vendor:   NVIDIA
    VRAM:     3976 MB
    Driver:   31.0.15.3640
Initialize mono
Mono path[0] = 'C:/Program Files/Unity/Hub/Editor/2022.3.15f1/Editor/Data/Managed'
Mono path[1] = 'C:/Program Files/Unity/Hub/Editor/2022.3.15f1/Editor/Data/MonoBleedingEdge/lib/mono/unityjit-win32'
Mono config path = 'C:/Program Files/Unity/Hub/Editor/2022.3.15f1/Editor/Data/MonoBleedingEdge/etc'
Using monoOptions --debugger-agent=transport=dt_socket,embedding=1,server=y,suspend=n,address=127.0.0.1:56016
Begin MonoManager ReloadAssembly
Registering precompiled unity dll's ...
Register platform support module: C:/Program Files/Unity/Hub/Editor/2022.3.15f1/Editor/Data/PlaybackEngines/WebGLSupport/UnityEditor.WebGL.Extensions.dll
Register platform support module: C:/Program Files/Unity/Hub/Editor/2022.3.15f1/Editor/Data/PlaybackEngines/WindowsStandaloneSupport/UnityEditor.WindowsStandalone.Extensions.dll
Registered in 0.012140 seconds.
- Loaded All Assemblies, in  0.398 seconds
Native extension for WindowsStandalone target not found
Native extension for WebGL target not found
Mono: successfully reloaded assembly
- Finished resetting the current domain, in  0.289 seconds
Domain Reload Profiling: 686ms
	BeginReloadAssembly (120ms)
		ExecutionOrderSort (0ms)
		DisableScriptedObjects (0ms)
		BackupInstance (0ms)
		ReleaseScriptingObjects (0ms)
		CreateAndSetChildDomain (1ms)
	RebuildCommonClasses (35ms)
	RebuildNativeTypeToScriptingClass (14ms)
	initialDomainReloadingComplete (71ms)
	LoadAllAssembliesAndSetupDomain (156ms)
		LoadAssemblies (117ms)
		RebuildTransferFunctionScriptingTraits (0ms)
		AnalyzeDomain (154ms)
			TypeCache.Refresh (153ms)
				TypeCache.ScanAssembly (138ms)
			ScanForSourceGeneratedMonoScriptInfo (0ms)
			ResolveRequiredComponents (1ms)
	FinalizeReload (290ms)
		ReleaseScriptCaches (0ms)
		RebuildScriptCaches (0ms)
		SetupLoadedEditorAssemblies (228ms)
			LogAssemblyErrors (0ms)
			InitializePlatformSupportModulesInManaged (13ms)
			SetLoadedEditorAssemblies (6ms)
			RefreshPlugins (0ms)
			BeforeProcessingInitializeOnLoad (2ms)
			ProcessInitializeOnLoadAttributes (157ms)
			ProcessInitializeOnLoadMethodAttributes (50ms)
			AfterProcessingInitializeOnLoad (0ms)
			EditorAssembliesLoaded (0ms)
		ExecutionOrderSort2 (0ms)
		AwakeInstancesAfterBackupRestoration (0ms)
========================================================================
Worker process is ready to serve import requests
Begin MonoManager ReloadAssembly
- Loaded All Assemblies, in  0.700 seconds
Refreshing native plugins compatible for Editor in 5.50 ms, found 3 plugins.
Native extension for WindowsStandalone target not found
Native extension for WebGL target not found
Package Manager log level set to [2]
[Package Manager] Server::EnsureServerProcessIsRunning -- launch failed, reason: Unity was launched with the -noUpm command-line argument
[Package Manager] UpmClient::Send -- Unable to send message (not connected to UPM process).
[Package Manager] Cannot connect to Unity Package Manager local server
Mono: successfully reloaded assembly
- Finished resetting the current domain, in  0.644 seconds
Domain Reload Profiling: 1340ms
	BeginReloadAssembly (157ms)
		ExecutionOrderSort (0ms)
		DisableScriptedObjects (5ms)
		BackupInstance (0ms)
		ReleaseScriptingObjects (0ms)
		CreateAndSetChildDomain (23ms)
	RebuildCommonClasses (37ms)
	RebuildNativeTypeToScriptingClass (12ms)
	initialDomainReloadingComplete (48ms)
	LoadAllAssembliesAndSetupDomain (442ms)
		LoadAssemblies (347ms)
		RebuildTransferFunctionScriptingTraits (0ms)
		AnalyzeDomain (187ms)
			TypeCache.Refresh (162ms)
				TypeCache.ScanAssembly (148ms)
			ScanForSourceGeneratedMonoScriptInfo (17ms)
			ResolveRequiredComponents (6ms)
	FinalizeReload (644ms)
		ReleaseScriptCaches (0ms)
		RebuildScriptCaches (0ms)
		SetupLoadedEditorAssemblies (483ms)
			LogAssemblyErrors (0ms)
			InitializePlatformSupportModulesInManaged (9ms)
			SetLoadedEditorAssemblies (4ms)
			RefreshPlugins (0ms)
			BeforeProcessingInitializeOnLoad (73ms)
			ProcessInitializeOnLoadAttributes (364ms)
			ProcessInitializeOnLoadMethodAttributes (24ms)
			AfterProcessingInitializeOnLoad (10ms)
			EditorAssembliesLoaded (0ms)
		ExecutionOrderSort2 (0ms)
		AwakeInstancesAfterBackupRestoration (6ms)
Launched and connected shader compiler UnityShaderCompiler.exe after 0.04 seconds
Refreshing native plugins compatible for Editor in 3.87 ms, found 3 plugins.
Preloading 0 native plugins for Editor in 0.00 ms.
Unloading 3410 Unused Serialized files (Serialized files now loaded: 0)
Unloading 57 unused Assets / (1.4 MB). Loaded Objects now: 3879.
Memory consumption went from 230.9 MB to 229.5 MB.
Total: 3.277300 ms (FindLiveObjects: 0.307000 ms CreateObjectMapping: 0.088200 ms MarkObjects: 2.522900 ms  DeleteObjects: 0.357500 ms)

AssetImportParameters requested are different than current active one (requested -> active):
  custom:container-demuxer-ogg: 62fdf1f143b41e24485cea50d1cbac27 -> 
  custom:video-decoder-ogg-theora: a1e56fd34408186e4bbccfd4996cb3dc -> 
  custom:framework-win-MediaFoundation: 216162199b28c13a410421893ffa2e32 -> 
  custom:CustomObjectIndexerAttribute: 43b350a4d6e6d1791af0b5038c4bea17 -> 
  custom:container-demuxer-webm: 4f35f7cbe854078d1ac9338744f61a02 -> 
  custom:container-muxer-webm: aa71ff27fc2769a1b78a27578f13a17b -> 
  custom:video-decoder-webm-vp8: 9c59270c3fd7afecdb556c50c9e8de78 -> 
  custom:SearchIndexIgnoredProperties: e643bd26f0fe6173181afceb89e7c659 -> 
  custom:AudioImporter_EditorPlatform: d09bf68614088b80899f8185d706f6e7 -> 
  custom:video-encoder-webm-vp8: eb34c28f22e8b96e1ab97ce403110664 -> 
  custom:audio-decoder-ogg-vorbis: bf7c407c2cedff20999df2af8eb42d56 -> 
  custom:audio-encoder-webm-vorbis: bf7c407c2cedff20999df2af8eb42d56 -> 
========================================================================
Received Import Request.
  Time since last request: 18824.635835 seconds.
  path: Assets/ProyectoIGG/Sounds/engineCircular_000.ogg
  artifactKey: Guid(3688f204af2788e4f96ec2822e4f5ffa) Importer(815301076,1909f56bfc062723c751e8b465ee728b)
Start importing Assets/ProyectoIGG/Sounds/engineCircular_000.ogg using Guid(3688f204af2788e4f96ec2822e4f5ffa) Importer(815301076,1909f56bfc062723c751e8b465ee728b)  -> (artifact id: '89263637eb02fc8dd109f6ada22e0374') in 0.107384 seconds
Number of updated asset objects reloaded before import = 0
Number of asset objects unloaded after import = 2
========================================================================
Received Import Request.
  Time since last request: 733.167599 seconds.
  path: Assets/Assets Importados/UnityTechnologies/ParticlePack/TextMesh Pro/Resources/Fonts & Materials/LiberationSans SDF - Outline.mat
  artifactKey: Guid(79459efec17a4d00a321bdcc27bbc385) Importer(815301076,1909f56bfc062723c751e8b465ee728b)
Start importing Assets/Assets Importados/UnityTechnologies/ParticlePack/TextMesh Pro/Resources/Fonts & Materials/LiberationSans SDF - Outline.mat using Guid(79459efec17a4d00a321bdcc27bbc385) Importer(815301076,1909f56bfc062723c751e8b465ee728b)  -> (artifact id: '6cc9d2df6337b39d0e955196ccb5cd6d') in 0.094920 seconds
Number of updated asset objects reloaded before import = 0
Number of asset objects unloaded after import = 2
========================================================================
Received Import Request.
  Time since last request: 318.793050 seconds.
  path: Assets/Assets Importados/Leohpaz/RPG_Essentials_Free/8_Buffs_Heals_SFX/16_Atk_buff_04.wav
  artifactKey: Guid(b0e62ed71b1538648b719821f4f63b4c) Importer(815301076,1909f56bfc062723c751e8b465ee728b)
Start importing Assets/Assets Importados/Leohpaz/RPG_Essentials_Free/8_Buffs_Heals_SFX/16_Atk_buff_04.wav using Guid(b0e62ed71b1538648b719821f4f63b4c) Importer(815301076,1909f56bfc062723c751e8b465ee728b)  -> (artifact id: '21b10c2384e65d45e8c5d88214e062e9') in 0.027384 seconds
Number of updated asset objects reloaded before import = 0
Number of asset objects unloaded after import = 2
========================================================================
Received Import Request.
  Time since last request: 0.000024 seconds.
  path: Assets/Assets Importados/Leohpaz/RPG_Essentials_Free/8_Buffs_Heals_SFX/17_Def_buff_01.wav
  artifactKey: Guid(00e4eb96f4f6cc249a632e4027644cad) Importer(815301076,1909f56bfc062723c751e8b465ee728b)
Start importing Assets/Assets Importados/Leohpaz/RPG_Essentials_Free/8_Buffs_Heals_SFX/17_Def_buff_01.wav using Guid(00e4eb96f4f6cc249a632e4027644cad) Importer(815301076,1909f56bfc062723c751e8b465ee728b)  -> (artifact id: '0cda934b1273bd5a3a86c298772b548a') in 0.030171 seconds
Number of updated asset objects reloaded before import = 0
Number of asset objects unloaded after import = 2
========================================================================
Received Import Request.
  Time since last request: 0.007228 seconds.
  path: Assets/Assets Importados/Leohpaz/RPG_Essentials_Free/12_Player_Movement_SFX/30_Jump_03.wav
  artifactKey: Guid(4e349dc959014a845b9aa317d1c2b7f0) Importer(815301076,1909f56bfc062723c751e8b465ee728b)
Start importing Assets/Assets Importados/Leohpaz/RPG_Essentials_Free/12_Player_Movement_SFX/30_Jump_03.wav using Guid(4e349dc959014a845b9aa317d1c2b7f0) Importer(815301076,1909f56bfc062723c751e8b465ee728b)  -> (artifact id: '12496a3c1abd51471e91480b7a0d1e77') in 0.022898 seconds
Number of updated asset objects reloaded before import = 0
Number of asset objects unloaded after import = 2
========================================================================
Received Import Request.
  Time since last request: 0.000019 seconds.
  path: Assets/Assets Importados/Leohpaz/RPG_Essentials_Free/10_UI_Menu_SFX/098_Unpause_04.wav
  artifactKey: Guid(e58d8bd078f188a4ba314e933b98528b) Importer(815301076,1909f56bfc062723c751e8b465ee728b)
Start importing Assets/Assets Importados/Leohpaz/RPG_Essentials_Free/10_UI_Menu_SFX/098_Unpause_04.wav using Guid(e58d8bd078f188a4ba314e933b98528b) Importer(815301076,1909f56bfc062723c751e8b465ee728b)  -> (artifact id: 'e10d6d55415526ffefe20cf01681d651') in 0.024867 seconds
Number of updated asset objects reloaded before import = 0
Number of asset objects unloaded after import = 2
========================================================================
Received Import Request.
  Time since last request: 0.000034 seconds.
  path: Assets/Assets Importados/AssetSpaces/Models/DAE format/corridor_wallCorner.dae
  artifactKey: Guid(c61b0bcd6c33ce443aa22d395a418716) Importer(815301076,1909f56bfc062723c751e8b465ee728b)
Start importing Assets/Assets Importados/AssetSpaces/Models/DAE format/corridor_wallCorner.dae using Guid(c61b0bcd6c33ce443aa22d395a418716) Importer(815301076,1909f56bfc062723c751e8b465ee728b)  -> (artifact id: '5eb26df3988834991ea6c5d79198d42d') in 0.070471 seconds
Number of updated asset objects reloaded before import = 0
Number of asset objects unloaded after import = 11
========================================================================
Received Import Request.
  Time since last request: 0.000033 seconds.
  path: Assets/Assets Importados/AssetSpaces/Models/DAE format/monorail_trainCargo.dae
  artifactKey: Guid(46f618b43ae93d244b212f278cde9b76) Importer(815301076,1909f56bfc062723c751e8b465ee728b)
Start importing Assets/Assets Importados/AssetSpaces/Models/DAE format/monorail_trainCargo.dae using Guid(46f618b43ae93d244b212f278cde9b76) Importer(815301076,1909f56bfc062723c751e8b465ee728b)  -> (artifact id: '9152bdafec201ed9d92e835d805ae715') in 0.063406 seconds
Number of updated asset objects reloaded before import = 0
Number of asset objects unloaded after import = 19
========================================================================
Received Import Request.
  Time since last request: 0.000025 seconds.
  path: Assets/Assets Importados/AssetSpaces/Models/DAE format/pipe_supportLow.dae
  artifactKey: Guid(70694582e293a374bbac2672abbad1c6) Importer(815301076,1909f56bfc062723c751e8b465ee728b)
Start importing Assets/Assets Importados/AssetSpaces/Models/DAE format/pipe_supportLow.dae using Guid(70694582e293a374bbac2672abbad1c6) Importer(815301076,1909f56bfc062723c751e8b465ee728b)  -> (artifact id: 'b97dfd5bbda7ee57cae9d4847eea7e50') in 0.038952 seconds
Number of updated asset objects reloaded before import = 0
Number of asset objects unloaded after import = 10
========================================================================
Received Import Request.
  Time since last request: 0.000018 seconds.
  path: Assets/Assets Importados/AssetSpaces/Models/FBX format/platform_straight.fbx
  artifactKey: Guid(c06639de4f58783438b841713164ed13) Importer(815301076,1909f56bfc062723c751e8b465ee728b)
Start importing Assets/Assets Importados/AssetSpaces/Models/FBX format/platform_straight.fbx using Guid(c06639de4f58783438b841713164ed13) Importer(815301076,1909f56bfc062723c751e8b465ee728b)  -> (artifact id: '0faa9f825644849500ac06b3e57fc3cd') in 0.044444 seconds
Number of updated asset objects reloaded before import = 0
Number of asset objects unloaded after import = 11
========================================================================
Received Import Request.
  Time since last request: 0.000016 seconds.
  path: Assets/Assets Importados/AssetSpaces/Models/DAE format/pipe_ringHighEnd.dae
  artifactKey: Guid(19e9a3c698856d5428d0a1d376087a11) Importer(815301076,1909f56bfc062723c751e8b465ee728b)
Start importing Assets/Assets Importados/AssetSpaces/Models/DAE format/pipe_ringHighEnd.dae using Guid(19e9a3c698856d5428d0a1d376087a11) Importer(815301076,1909f56bfc062723c751e8b465ee728b)  -> (artifact id: '5cb7b863aab20a87efc56240c6e40eac') in 0.036658 seconds
Number of updated asset objects reloaded before import = 0
Number of asset objects unloaded after import = 12
========================================================================
Received Import Request.
  Time since last request: 0.000020 seconds.
  path: Assets/Assets Importados/AssetSpaces/Models/FBX format/platform_high.fbx
  artifactKey: Guid(afb5311d6f3eded45a0c7bc98d478dbc) Importer(815301076,1909f56bfc062723c751e8b465ee728b)
Start importing Assets/Assets Importados/AssetSpaces/Models/FBX format/platform_high.fbx using Guid(afb5311d6f3eded45a0c7bc98d478dbc) Importer(815301076,1909f56bfc062723c751e8b465ee728b)  -> (artifact id: '5239c7551fc4bc3ce265f855788e542e') in 0.036482 seconds
Number of updated asset objects reloaded before import = 0
Number of asset objects unloaded after import = 11
========================================================================
Received Import Request.
  Time since last request: 0.000022 seconds.
  path: Assets/Assets Importados/AssetSpaces/Models/DAE format/rocket_topA.dae
  artifactKey: Guid(3462215d2689abe4098df2d8c81f359b) Importer(815301076,1909f56bfc062723c751e8b465ee728b)
Start importing Assets/Assets Importados/AssetSpaces/Models/DAE format/rocket_topA.dae using Guid(3462215d2689abe4098df2d8c81f359b) Importer(815301076,1909f56bfc062723c751e8b465ee728b)  -> (artifact id: '8e34c45d4bbc0232865bb91cd5c0b0a1') in 0.041244 seconds
Number of updated asset objects reloaded before import = 0
Number of asset objects unloaded after import = 11
========================================================================
Received Import Request.
  Time since last request: 0.000023 seconds.
  path: Assets/Assets Importados/AssetSpaces/Models/FBX format/machine_generator.fbx
  artifactKey: Guid(b099c121197a0da46b3be3a082727ddb) Importer(815301076,1909f56bfc062723c751e8b465ee728b)
Start importing Assets/Assets Importados/AssetSpaces/Models/FBX format/machine_generator.fbx using Guid(b099c121197a0da46b3be3a082727ddb) Importer(815301076,1909f56bfc062723c751e8b465ee728b)  -> (artifact id: '3f7782db88876d336a890636746f9fac') in 0.048975 seconds
Number of updated asset objects reloaded before import = 0
Number of asset objects unloaded after import = 17
========================================================================
Received Import Request.
  Time since last request: 0.000023 seconds.
  path: Assets/Assets Importados/AssetSpaces/Models/FBX format/corridor_split.fbx
  artifactKey: Guid(831c37e79c9abd749801cbc37ead66ea) Importer(815301076,1909f56bfc062723c751e8b465ee728b)
Start importing Assets/Assets Importados/AssetSpaces/Models/FBX format/corridor_split.fbx using Guid(831c37e79c9abd749801cbc37ead66ea) Importer(815301076,1909f56bfc062723c751e8b465ee728b)  -> (artifact id: 'ab5781442e812273415f67b145fd4e95') in 0.039672 seconds
Number of updated asset objects reloaded before import = 0
Number of asset objects unloaded after import = 11
========================================================================
Received Import Request.
  Time since last request: 0.000032 seconds.
  path: Assets/Assets Importados/AssetSpaces/Models/FBX format/pipe_ringHigh.fbx
  artifactKey: Guid(1f15412a33cfb7e46bd27700cc3ba1c2) Importer(815301076,1909f56bfc062723c751e8b465ee728b)
Start importing Assets/Assets Importados/AssetSpaces/Models/FBX format/pipe_ringHigh.fbx using Guid(1f15412a33cfb7e46bd27700cc3ba1c2) Importer(815301076,1909f56bfc062723c751e8b465ee728b)  -> (artifact id: '3fb954325a5a8ccd22e21fbb1b5c1e87') in 0.054100 seconds
Number of updated asset objects reloaded before import = 0
Number of asset objects unloaded after import = 12
========================================================================
Received Import Request.
  Time since last request: 0.000022 seconds.
  path: Assets/Assets Importados/AssetSpaces/Models/DAE format/pipe_ringSupport.dae
  artifactKey: Guid(f09caee42f9d8ce47bfcc11321b02177) Importer(815301076,1909f56bfc062723c751e8b465ee728b)
Start importing Assets/Assets Importados/AssetSpaces/Models/DAE format/pipe_ringSupport.dae using Guid(f09caee42f9d8ce47bfcc11321b02177) Importer(815301076,1909f56bfc062723c751e8b465ee728b)  -> (artifact id: '98ce03361e9184991b09d73544ea649c') in 0.035531 seconds
Number of updated asset objects reloaded before import = 0
Number of asset objects unloaded after import = 10
========================================================================
Received Import Request.
  Time since last request: 0.000027 seconds.
  path: Assets/Assets Importados/Leohpaz/RPG_Essentials_Free/10_UI_Menu_SFX/070_Equip_10.wav
  artifactKey: Guid(490bfbc72255342408984f60044487de) Importer(815301076,1909f56bfc062723c751e8b465ee728b)
Start importing Assets/Assets Importados/Leohpaz/RPG_Essentials_Free/10_UI_Menu_SFX/070_Equip_10.wav using Guid(490bfbc72255342408984f60044487de) Importer(815301076,1909f56bfc062723c751e8b465ee728b)  -> (artifact id: 'de13b8a62a80877e9671508dde332ce9') in 0.025081 seconds
Number of updated asset objects reloaded before import = 0
Number of asset objects unloaded after import = 2
========================================================================
Received Import Request.
  Time since last request: 0.000020 seconds.
  path: Assets/Assets Importados/AssetSpaces/Models/DAE format/platform_high.dae
  artifactKey: Guid(915639b7c2ad8034385bc2c282b8b765) Importer(815301076,1909f56bfc062723c751e8b465ee728b)
Start importing Assets/Assets Importados/AssetSpaces/Models/DAE format/platform_high.dae using Guid(915639b7c2ad8034385bc2c282b8b765) Importer(815301076,1909f56bfc062723c751e8b465ee728b)  -> (artifact id: '07bc1c75138a49fed824a8310eeac4dc') in 0.035947 seconds
Number of updated asset objects reloaded before import = 0
Number of asset objects unloaded after import = 11
========================================================================
Received Import Request.
  Time since last request: 0.000016 seconds.
  path: Assets/Assets Importados/AssetSpaces/Models/FBX format/rocket_topB.fbx
  artifactKey: Guid(a396f8dafab776241b2b4387a89706ef) Importer(815301076,1909f56bfc062723c751e8b465ee728b)
Start importing Assets/Assets Importados/AssetSpaces/Models/FBX format/rocket_topB.fbx using Guid(a396f8dafab776241b2b4387a89706ef) Importer(815301076,1909f56bfc062723c751e8b465ee728b)  -> (artifact id: 'da3df61e0891d485a3081bacd70d4540') in 0.033224 seconds
Number of updated asset objects reloaded before import = 0
Number of asset objects unloaded after import = 10
========================================================================
Received Import Request.
  Time since last request: 0.000017 seconds.
  path: Assets/Assets Importados/UnityTechnologies/ParticlePack/Shared/Environment/Materials/UnityLogo.mat
  artifactKey: Guid(8673c144bddc0f748bf22b12b37a8308) Importer(815301076,1909f56bfc062723c751e8b465ee728b)
Start importing Assets/Assets Importados/UnityTechnologies/ParticlePack/Shared/Environment/Materials/UnityLogo.mat using Guid(8673c144bddc0f748bf22b12b37a8308) Importer(815301076,1909f56bfc062723c751e8b465ee728b)  -> (artifact id: 'a2eea8776761098ffe5c29d26dc76a6b') in 0.237841 seconds
Number of updated asset objects reloaded before import = 0
Number of asset objects unloaded after import = 1
Editor requested this worker to shutdown with reason: Scaling down because of idle timeout
TcpMessagingSession - receive error: operation aborted. errorcode: 995, details: La operación de E/S se anuló por una salida de subproceso o por una solicitud de aplicación.
AssetImportWorker is now disconnected from the server
Process exiting
Exiting without the bug reporter. Application will terminate with return code 0